<?xml version="1.0" encoding="UTF-8"?>
<testng-results ignored="0" total="10" passed="10" failed="0" skipped="0">
  <reporter-output>
  </reporter-output>
  <suite started-at="2024-03-19T15:30:45 IST" name="Suite" finished-at="2024-03-19T15:33:29 IST" duration-ms="163139">
    <groups>
    </groups>
    <test started-at="2024-03-19T15:30:45 IST" name="Test" finished-at="2024-03-19T15:33:29 IST" duration-ms="163139">
      <class name="Com.Ecommerce.TestCases.TC_LoginDataTest">
        <test-method is-config="true" signature="initialization(java.lang.String)[pri:0, instance:Com.Ecommerce.TestCases.TC_LoginDataTest@7d286fb6]" started-at="2024-03-19T15:30:53 IST" name="initialization" finished-at="2024-03-19T15:30:55 IST" duration-ms="1974" status="PASS">
          <params>
            <param index="0">
              <value>
                <![CDATA[Chrome]]>
              </value>
            </param>
          </params>
          <reporter-output>
          </reporter-output>
        </test-method> <!-- initialization -->
        <test-method signature="LoginData(java.lang.String,java.lang.String,java.lang.String)[pri:0, instance:Com.Ecommerce.TestCases.TC_LoginDataTest@7d286fb6]" started-at="2024-03-19T15:30:55 IST" name="LoginData" data-provider="Logindata" finished-at="2024-03-19T15:30:59 IST" duration-ms="3962" status="PASS">
          <params>
            <param index="0">
              <value>
                <![CDATA[Namu@gmail.com]]>
              </value>
            </param>
            <param index="1">
              <value>
                <![CDATA[Ovi1234]]>
              </value>
            </param>
            <param index="2">
              <value>
                <![CDATA[Valid]]>
              </value>
            </param>
          </params>
          <reporter-output>
          </reporter-output>
        </test-method> <!-- LoginData -->
        <test-method is-config="true" signature="Teardown()[pri:0, instance:Com.Ecommerce.TestCases.TC_LoginDataTest@7d286fb6]" started-at="2024-03-19T15:30:59 IST" name="Teardown" finished-at="2024-03-19T15:31:02 IST" duration-ms="3172" status="PASS">
          <reporter-output>
          </reporter-output>
        </test-method> <!-- Teardown -->
        <test-method is-config="true" signature="initialization(java.lang.String)[pri:0, instance:Com.Ecommerce.TestCases.TC_LoginDataTest@7d286fb6]" started-at="2024-03-19T15:31:02 IST" name="initialization" finished-at="2024-03-19T15:31:05 IST" duration-ms="2263" status="PASS">
          <params>
            <param index="0">
              <value>
                <![CDATA[Chrome]]>
              </value>
            </param>
          </params>
          <reporter-output>
          </reporter-output>
        </test-method> <!-- initialization -->
        <test-method signature="LoginData(java.lang.String,java.lang.String,java.lang.String)[pri:0, instance:Com.Ecommerce.TestCases.TC_LoginDataTest@7d286fb6]" started-at="2024-03-19T15:31:05 IST" name="LoginData" data-provider="Logindata" finished-at="2024-03-19T15:31:11 IST" duration-ms="6805" status="PASS">
          <params>
            <param index="0">
              <value>
                <![CDATA[Namu1@gmail.com]]>
              </value>
            </param>
            <param index="1">
              <value>
                <![CDATA[Ovi1234]]>
              </value>
            </param>
            <param index="2">
              <value>
                <![CDATA[Invalid]]>
              </value>
            </param>
          </params>
          <reporter-output>
          </reporter-output>
        </test-method> <!-- LoginData -->
        <test-method is-config="true" signature="Teardown()[pri:0, instance:Com.Ecommerce.TestCases.TC_LoginDataTest@7d286fb6]" started-at="2024-03-19T15:31:11 IST" name="Teardown" finished-at="2024-03-19T15:31:15 IST" duration-ms="3171" status="PASS">
          <reporter-output>
          </reporter-output>
        </test-method> <!-- Teardown -->
        <test-method is-config="true" signature="initialization(java.lang.String)[pri:0, instance:Com.Ecommerce.TestCases.TC_LoginDataTest@7d286fb6]" started-at="2024-03-19T15:31:15 IST" name="initialization" finished-at="2024-03-19T15:31:17 IST" duration-ms="2005" status="PASS">
          <params>
            <param index="0">
              <value>
                <![CDATA[Chrome]]>
              </value>
            </param>
          </params>
          <reporter-output>
          </reporter-output>
        </test-method> <!-- initialization -->
        <test-method signature="LoginData(java.lang.String,java.lang.String,java.lang.String)[pri:0, instance:Com.Ecommerce.TestCases.TC_LoginDataTest@7d286fb6]" started-at="2024-03-19T15:31:17 IST" name="LoginData" data-provider="Logindata" finished-at="2024-03-19T15:31:19 IST" duration-ms="2883" status="PASS">
          <params>
            <param index="0">
              <value>
                <![CDATA[Namu@gmail.com]]>
              </value>
            </param>
            <param index="1">
              <value>
                <![CDATA[Ovi12344]]>
              </value>
            </param>
            <param index="2">
              <value>
                <![CDATA[Invalid]]>
              </value>
            </param>
          </params>
          <reporter-output>
          </reporter-output>
        </test-method> <!-- LoginData -->
        <test-method is-config="true" signature="Teardown()[pri:0, instance:Com.Ecommerce.TestCases.TC_LoginDataTest@7d286fb6]" started-at="2024-03-19T15:31:19 IST" name="Teardown" finished-at="2024-03-19T15:31:23 IST" duration-ms="3140" status="PASS">
          <reporter-output>
          </reporter-output>
        </test-method> <!-- Teardown -->
        <test-method is-config="true" signature="initialization(java.lang.String)[pri:0, instance:Com.Ecommerce.TestCases.TC_LoginDataTest@7d286fb6]" started-at="2024-03-19T15:31:23 IST" name="initialization" finished-at="2024-03-19T15:31:25 IST" duration-ms="2024" status="PASS">
          <params>
            <param index="0">
              <value>
                <![CDATA[Chrome]]>
              </value>
            </param>
          </params>
          <reporter-output>
          </reporter-output>
        </test-method> <!-- initialization -->
        <test-method signature="LoginData(java.lang.String,java.lang.String,java.lang.String)[pri:0, instance:Com.Ecommerce.TestCases.TC_LoginDataTest@7d286fb6]" started-at="2024-03-19T15:31:25 IST" name="LoginData" data-provider="Logindata" finished-at="2024-03-19T15:31:27 IST" duration-ms="2945" status="PASS">
          <params>
            <param index="0">
              <value>
                <![CDATA[Namu2@gmail.com]]>
              </value>
            </param>
            <param index="1">
              <value>
                <![CDATA[Ovi12345]]>
              </value>
            </param>
            <param index="2">
              <value>
                <![CDATA[Invalid]]>
              </value>
            </param>
          </params>
          <reporter-output>
          </reporter-output>
        </test-method> <!-- LoginData -->
        <test-method is-config="true" signature="Teardown()[pri:0, instance:Com.Ecommerce.TestCases.TC_LoginDataTest@7d286fb6]" started-at="2024-03-19T15:31:28 IST" name="Teardown" finished-at="2024-03-19T15:31:31 IST" duration-ms="3245" status="PASS">
          <reporter-output>
          </reporter-output>
        </test-method> <!-- Teardown -->
        <test-method is-config="true" signature="initialization(java.lang.String)[pri:0, instance:Com.Ecommerce.TestCases.TC_LoginDataTest@7d286fb6]" started-at="2024-03-19T15:31:31 IST" name="initialization" finished-at="2024-03-19T15:31:34 IST" duration-ms="3143" status="PASS">
          <params>
            <param index="0">
              <value>
                <![CDATA[Chrome]]>
              </value>
            </param>
          </params>
          <reporter-output>
          </reporter-output>
        </test-method> <!-- initialization -->
        <test-method signature="LoginData(java.lang.String,java.lang.String,java.lang.String)[pri:0, instance:Com.Ecommerce.TestCases.TC_LoginDataTest@7d286fb6]" started-at="2024-03-19T15:31:34 IST" name="LoginData" data-provider="Logindata" finished-at="2024-03-19T15:31:38 IST" duration-ms="3819" status="PASS">
          <params>
            <param index="0">
              <value>
                <![CDATA[Namu3@gmail.com]]>
              </value>
            </param>
            <param index="1">
              <value>
                <![CDATA[Ovi12346]]>
              </value>
            </param>
            <param index="2">
              <value>
                <![CDATA[Invalid]]>
              </value>
            </param>
          </params>
          <reporter-output>
          </reporter-output>
        </test-method> <!-- LoginData -->
        <test-method is-config="true" signature="Teardown()[pri:0, instance:Com.Ecommerce.TestCases.TC_LoginDataTest@7d286fb6]" started-at="2024-03-19T15:31:38 IST" name="Teardown" finished-at="2024-03-19T15:31:41 IST" duration-ms="3195" status="PASS">
          <reporter-output>
          </reporter-output>
        </test-method> <!-- Teardown -->
        <test-method is-config="true" signature="initialization(java.lang.String)[pri:0, instance:Com.Ecommerce.TestCases.TC_LoginDataTest@7d286fb6]" started-at="2024-03-19T15:31:41 IST" name="initialization" finished-at="2024-03-19T15:31:42 IST" duration-ms="1198" status="PASS">
          <params>
            <param index="0">
              <value>
                <![CDATA[Chrome]]>
              </value>
            </param>
          </params>
          <reporter-output>
          </reporter-output>
        </test-method> <!-- initialization -->
        <test-method signature="LoginData(java.lang.String,java.lang.String,java.lang.String)[pri:0, instance:Com.Ecommerce.TestCases.TC_LoginDataTest@7d286fb6]" started-at="2024-03-19T15:31:42 IST" name="LoginData" data-provider="Logindata" finished-at="2024-03-19T15:31:45 IST" duration-ms="3035" status="PASS">
          <params>
            <param index="0">
              <value>
                <![CDATA[Namu@gmail.com]]>
              </value>
            </param>
            <param index="1">
              <value>
                <![CDATA[]]>
              </value>
            </param>
            <param index="2">
              <value>
                <![CDATA[Invalid]]>
              </value>
            </param>
          </params>
          <reporter-output>
          </reporter-output>
        </test-method> <!-- LoginData -->
        <test-method is-config="true" signature="Teardown()[pri:0, instance:Com.Ecommerce.TestCases.TC_LoginDataTest@7d286fb6]" started-at="2024-03-19T15:31:45 IST" name="Teardown" finished-at="2024-03-19T15:31:48 IST" duration-ms="3218" status="PASS">
          <reporter-output>
          </reporter-output>
        </test-method> <!-- Teardown -->
      </class> <!-- Com.Ecommerce.TestCases.TC_LoginDataTest -->
      <class name="Com.Ecommerce.TestCases.TC_AddToCart">
        <test-method is-config="true" signature="initialization(java.lang.String)[pri:0, instance:Com.Ecommerce.TestCases.TC_AddToCart@7aaca91a]" started-at="2024-03-19T15:33:17 IST" name="initialization" finished-at="2024-03-19T15:33:19 IST" duration-ms="1260" status="PASS">
          <params>
            <param index="0">
              <value>
                <![CDATA[Chrome]]>
              </value>
            </param>
          </params>
          <reporter-output>
          </reporter-output>
        </test-method> <!-- initialization -->
        <test-method signature="AddProduct()[pri:0, instance:Com.Ecommerce.TestCases.TC_AddToCart@7aaca91a]" started-at="2024-03-19T15:33:19 IST" name="AddProduct" finished-at="2024-03-19T15:33:25 IST" duration-ms="6860" status="PASS">
          <reporter-output>
          </reporter-output>
        </test-method> <!-- AddProduct -->
        <test-method is-config="true" signature="Teardown()[pri:0, instance:Com.Ecommerce.TestCases.TC_AddToCart@7aaca91a]" started-at="2024-03-19T15:33:25 IST" name="Teardown" finished-at="2024-03-19T15:33:29 IST" duration-ms="3191" status="PASS">
          <reporter-output>
          </reporter-output>
        </test-method> <!-- Teardown -->
      </class> <!-- Com.Ecommerce.TestCases.TC_AddToCart -->
      <class name="Com.Ecommerce.TestCases.TC_BrokenLinks">
        <test-method is-config="true" signature="initialization(java.lang.String)[pri:0, instance:Com.Ecommerce.TestCases.TC_BrokenLinks@3eb77ea8]" started-at="2024-03-19T15:31:48 IST" name="initialization" finished-at="2024-03-19T15:31:50 IST" duration-ms="2003" status="PASS">
          <params>
            <param index="0">
              <value>
                <![CDATA[Chrome]]>
              </value>
            </param>
          </params>
          <reporter-output>
          </reporter-output>
        </test-method> <!-- initialization -->
        <test-method signature="Broken_links()[pri:0, instance:Com.Ecommerce.TestCases.TC_BrokenLinks@3eb77ea8]" started-at="2024-03-19T15:31:50 IST" name="Broken_links" finished-at="2024-03-19T15:33:08 IST" duration-ms="77789" status="PASS">
          <reporter-output>
          </reporter-output>
        </test-method> <!-- Broken_links -->
        <test-method is-config="true" signature="Teardown()[pri:0, instance:Com.Ecommerce.TestCases.TC_BrokenLinks@3eb77ea8]" started-at="2024-03-19T15:33:08 IST" name="Teardown" finished-at="2024-03-19T15:33:11 IST" duration-ms="3159" status="PASS">
          <reporter-output>
          </reporter-output>
        </test-method> <!-- Teardown -->
      </class> <!-- Com.Ecommerce.TestCases.TC_BrokenLinks -->
      <class name="Com.Ecommerce.TestCases.TC_NewRegistration">
        <test-method is-config="true" signature="initialization(java.lang.String)[pri:0, instance:Com.Ecommerce.TestCases.TC_NewRegistration@7b8b43c7]" started-at="2024-03-19T15:33:11 IST" name="initialization" finished-at="2024-03-19T15:33:13 IST" duration-ms="1269" status="PASS">
          <params>
            <param index="0">
              <value>
                <![CDATA[Chrome]]>
              </value>
            </param>
          </params>
          <reporter-output>
          </reporter-output>
        </test-method> <!-- initialization -->
        <test-method signature="Registration()[pri:0, instance:Com.Ecommerce.TestCases.TC_NewRegistration@7b8b43c7]" started-at="2024-03-19T15:33:13 IST" name="Registration" finished-at="2024-03-19T15:33:14 IST" duration-ms="1536" status="PASS">
          <reporter-output>
          </reporter-output>
        </test-method> <!-- Registration -->
        <test-method is-config="true" signature="Teardown()[pri:0, instance:Com.Ecommerce.TestCases.TC_NewRegistration@7b8b43c7]" started-at="2024-03-19T15:33:14 IST" name="Teardown" finished-at="2024-03-19T15:33:17 IST" duration-ms="3126" status="PASS">
          <reporter-output>
          </reporter-output>
        </test-method> <!-- Teardown -->
      </class> <!-- Com.Ecommerce.TestCases.TC_NewRegistration -->
      <class name="Com.Ecommerce.TestCases.TC_LoginApplication">
        <test-method is-config="true" signature="initialization(java.lang.String)[pri:0, instance:Com.Ecommerce.TestCases.TC_LoginApplication@6cb6decd]" started-at="2024-03-19T15:30:45 IST" name="initialization" finished-at="2024-03-19T15:30:48 IST" duration-ms="2550" status="PASS">
          <params>
            <param index="0">
              <value>
                <![CDATA[Chrome]]>
              </value>
            </param>
          </params>
          <reporter-output>
          </reporter-output>
        </test-method> <!-- initialization -->
        <test-method signature="Login()[pri:0, instance:Com.Ecommerce.TestCases.TC_LoginApplication@6cb6decd]" started-at="2024-03-19T15:30:48 IST" name="Login" finished-at="2024-03-19T15:30:49 IST" duration-ms="1304" status="PASS">
          <reporter-output>
          </reporter-output>
        </test-method> <!-- Login -->
        <test-method is-config="true" signature="Teardown()[pri:0, instance:Com.Ecommerce.TestCases.TC_LoginApplication@6cb6decd]" started-at="2024-03-19T15:30:49 IST" name="Teardown" finished-at="2024-03-19T15:30:53 IST" duration-ms="3200" status="PASS">
          <reporter-output>
          </reporter-output>
        </test-method> <!-- Teardown -->
      </class> <!-- Com.Ecommerce.TestCases.TC_LoginApplication -->
    </test> <!-- Test -->
  </suite> <!-- Suite -->
</testng-results>
