<?xml version="1.0" encoding="UTF-8"?>
<!-- Generated by org.testng.reporters.JUnitXMLReporter -->
<testsuite ignored="0" hostname="DESKTOP-MGIH2GK" failures="0" tests="10" name="Test" time="163.139" errors="0" timestamp="2024-03-19T15:33:29 IST">
  <testcase classname="Com.Ecommerce.TestCases.TC_LoginApplication" name="Login" time="1.304"/>
  <testcase classname="Com.Ecommerce.TestCases.TC_LoginDataTest" name="LoginData" time="3.962"/>
  <testcase classname="Com.Ecommerce.TestCases.TC_LoginDataTest" name="LoginData" time="6.805"/>
  <testcase classname="Com.Ecommerce.TestCases.TC_LoginDataTest" name="LoginData" time="2.883"/>
  <testcase classname="Com.Ecommerce.TestCases.TC_LoginDataTest" name="LoginData" time="2.945"/>
  <testcase classname="Com.Ecommerce.TestCases.TC_LoginDataTest" name="LoginData" time="3.819"/>
  <testcase classname="Com.Ecommerce.TestCases.TC_LoginDataTest" name="LoginData" time="3.035"/>
  <testcase classname="Com.Ecommerce.TestCases.TC_BrokenLinks" name="Broken_links" time="77.789"/>
  <testcase classname="Com.Ecommerce.TestCases.TC_NewRegistration" name="Registration" time="1.536"/>
  <testcase classname="Com.Ecommerce.TestCases.TC_AddToCart" name="AddProduct" time="6.86"/>
</testsuite> <!-- Test -->
